<?xml version="1.0" encoding="UTF-8"?>
<!-- Generated by org.testng.reporters.JUnitXMLReporter -->
<testsuite ignored="0" hostname="DESKTOP-EO103SI" failures="0" tests="3" name="Default test" time="4.514" errors="0" timestamp="2025-10-05T09:50:46 BST">
  <testcase classname="com.example.randomuser.tests.HappyPathTests" name="verifyGenderFilter" time="3.731"/>
  <testcase classname="com.example.randomuser.tests.HappyPathTests" name="verifyMultipleUsers" time="0.301"/>
  <testcase classname="com.example.randomuser.tests.HappyPathTests" name="verifySingleUserDefault" time="0.293"/>
</testsuite> <!-- Default test -->
