<?xml version="1.0" encoding="UTF-8"?>
<!-- Generated by org.testng.reporters.JUnitXMLReporter -->
<testsuite ignored="0" hostname="DESKTOP-EO103SI" failures="0" tests="6" name="API Tests" time="4.719" errors="0" timestamp="2025-10-05T09:51:32 BST">
  <testcase classname="com.example.randomuser.tests.HappyPathTests" name="verifyGenderFilter" time="3.378"/>
  <testcase classname="com.example.randomuser.tests.HappyPathTests" name="verifyMultipleUsers" time="0.267"/>
  <testcase classname="com.example.randomuser.tests.HappyPathTests" name="verifySingleUserDefault" time="0.284"/>
  <testcase classname="com.example.randomuser.tests.UnhappyPathTests" name="testInvalidGenderFallback" time="0.199"/>
  <testcase classname="com.example.randomuser.tests.UnhappyPathTests" name="testInvalidParameter" time="0.174"/>
  <testcase classname="com.example.randomuser.tests.UnhappyPathTests" name="testLargeResults" time="0.208"/>
</testsuite> <!-- API Tests -->
