<?xml version="1.0" encoding="UTF-8"?>
<testng-results ignored="0" total="6" passed="6" failed="0" skipped="0">
  <reporter-output>
  </reporter-output>
  <suite started-at="2025-10-05T09:51:27 BST" name="RandomUser API Test Suite" finished-at="2025-10-05T09:51:32 BST" duration-ms="4719">
    <groups>
    </groups>
    <test started-at="2025-10-05T09:51:27 BST" name="API Tests" finished-at="2025-10-05T09:51:32 BST" duration-ms="4719">
      <class name="com.example.randomuser.tests.HappyPathTests">
        <test-method is-config="true" signature="setUp()[pri:0, instance:com.example.randomuser.tests.HappyPathTests@6c4906d3]" started-at="2025-10-05T09:51:27 BST" name="setUp" finished-at="2025-10-05T09:51:27 BST" duration-ms="21" status="PASS">
          <reporter-output>
          </reporter-output>
        </test-method> <!-- setUp -->
        <test-method signature="verifyGenderFilter()[pri:0, instance:com.example.randomuser.tests.HappyPathTests@6c4906d3]" started-at="2025-10-05T09:51:28 BST" name="verifyGenderFilter" description="Verify gender filter works" finished-at="2025-10-05T09:51:31 BST" duration-ms="3378" status="PASS">
          <reporter-output>
          </reporter-output>
        </test-method> <!-- verifyGenderFilter -->
        <test-method signature="verifyMultipleUsers()[pri:0, instance:com.example.randomuser.tests.HappyPathTests@6c4906d3]" started-at="2025-10-05T09:51:31 BST" name="verifyMultipleUsers" description="Verify multiple users are returned correctly" finished-at="2025-10-05T09:51:31 BST" duration-ms="267" status="PASS">
          <reporter-output>
          </reporter-output>
        </test-method> <!-- verifyMultipleUsers -->
        <test-method signature="verifySingleUserDefault()[pri:0, instance:com.example.randomuser.tests.HappyPathTests@6c4906d3]" started-at="2025-10-05T09:51:31 BST" name="verifySingleUserDefault" description="Verify API returns single random user" finished-at="2025-10-05T09:51:32 BST" duration-ms="284" status="PASS">
          <reporter-output>
          </reporter-output>
        </test-method> <!-- verifySingleUserDefault -->
      </class> <!-- com.example.randomuser.tests.HappyPathTests -->
      <class name="com.example.randomuser.tests.UnhappyPathTests">
        <test-method is-config="true" signature="setUp()[pri:0, instance:com.example.randomuser.tests.UnhappyPathTests@6f53b8a]" started-at="2025-10-05T09:51:32 BST" name="setUp" finished-at="2025-10-05T09:51:32 BST" duration-ms="1" status="PASS">
          <reporter-output>
          </reporter-output>
        </test-method> <!-- setUp -->
        <test-method signature="testInvalidGenderFallback()[pri:0, instance:com.example.randomuser.tests.UnhappyPathTests@6f53b8a]" started-at="2025-10-05T09:51:32 BST" name="testInvalidGenderFallback" description="Invalid gender should still return data" finished-at="2025-10-05T09:51:32 BST" duration-ms="199" status="PASS">
          <reporter-output>
          </reporter-output>
        </test-method> <!-- testInvalidGenderFallback -->
        <test-method signature="testInvalidParameter()[pri:0, instance:com.example.randomuser.tests.UnhappyPathTests@6f53b8a]" started-at="2025-10-05T09:51:32 BST" name="testInvalidParameter" description="Invalid parameter should not crash API" finished-at="2025-10-05T09:51:32 BST" duration-ms="174" status="PASS">
          <reporter-output>
          </reporter-output>
        </test-method> <!-- testInvalidParameter -->
        <test-method signature="testLargeResults()[pri:0, instance:com.example.randomuser.tests.UnhappyPathTests@6f53b8a]" started-at="2025-10-05T09:51:32 BST" name="testLargeResults" description="Large results value should be handled gracefully" finished-at="2025-10-05T09:51:32 BST" duration-ms="208" status="PASS">
          <reporter-output>
          </reporter-output>
        </test-method> <!-- testLargeResults -->
      </class> <!-- com.example.randomuser.tests.UnhappyPathTests -->
    </test> <!-- API Tests -->
  </suite> <!-- RandomUser API Test Suite -->
</testng-results>
